error: error
error: error
error: Error
fatal: Fatal
error: Error
fatal: Fatal
error: Error
fatal: Fatal
error: Error
fatal: Fatal
error: Error
fatal: Fatal
error: Error
fatal: Fatal
error: Error
fatal: Fatal
error: error
error: error
error: error
error: error
error: error
error: error
error: error
error: error
error: error
error: error
error: error
error: error
error: error
error: error
error: error
error: error
error: error
error: error
error: error
error: error
error: error
error: error
error: error
error: error
error: error
error: error
error: error
error: No existe un usuario con ese email
error: No existe un usuario con ese email
error: no puedes utilizar la misma contraseña
error: no puedes utilizar la misma contraseña
error: no puedes utilizar la misma contraseña
error: Error in createOneProduct
error: Error in createOneProduct
error: Error in createOneProduct
error: Error in createOneProduct
error: error en findUsers
error: error en findUsers
error: error en findUsers
error: error en findUsers
error: error en findUsers
error: error en findUsers
error: Error in purchaseCart 
error: Error in purchaseCart 
error: Error in purchaseCart 
error: Error in purchaseCart 
error: solo el usuario tiene acceso a esta ruta
error: Error in addProduct
error: Error in addProduct
error: Error in purchaseCart 
error: no tienes los permisos suficientes
error: no tienes los permisos suficientes
error: Error in purchaseCart 
error: Error in deleteOneCart
error: Error in deleteOneCart
error: Error in deleteOneCart
error: Error in addProduct
error: Error in deleteOneCart
error: Error in deleteOneCart
error: Error in deleteOneCart
error: Error in deleteOneCart
error: Error in deleteOneCart
error: solo el usuario tiene acceso a esta ruta
